
PHP Warning:  Cannot modify header information - headers already sent by (output started at /srv/migdal.ru/public_html/lib/tmptexts.php:34) in /srv/migdal.ru/public_html/lib/sessions.php on line 107
389
391
395
396
413
414
415
416
417
418
419
420
421
423
443
444
445
446
447
448
449
450
451
452
453
454
455
456
457
458
459
460
461
462
463
464
465
466
467
468
469
470
471
472
473
474
475
476
477
478
479
480
481
482
483
484
485
486
487
488
489
508
526
633
634
635
636
654
655
656
657
658
659
660
661
662
663
664
665
666
667
668
669
670
689
690
691
692
693
694
695
696
697
698
699
700
701
702
703
704
705
706
707
708
709
710
711
712
713
714
715
716
717
718
719
721
722
724
726
728
729
730
763
791
808
809
810
813
814
966
967
968
969
970
971
976
977
978
980
981
982
1001
1002
1003
1006
1007
1008
1009
1010
1012
1013
1014
1015
1016
1017
1020
1021
1022
1023
1027
1028
1029
1030
1031
1037
1038
1039
1040
1041
1042
1043
1044
1045
1046
1047
1048
1049
1050
1051
1052
1053
1054
1055
1056
1057
1058
1059
1060
1061
1062
1063
1065
1077
1078
1081
1082
1083
1084
1085
1086
1115
1116
1117
1118
1119
1120
1121
1122
1123
1124
1125
1127
1128
1129
1130
1131
1132
1133
1134
1135
1136
1137
1138
1139
1140
1141
1142
1143
1144
1145
1146
1147
1148
1149
1150
1151
1152
1156
1157
1158
1159
1160
1161
1162
1163
1164
1165
1166
1167
1168
1170
1171
1172
1173
1174
1175
1176
1177
1178
1179
1181
1182
1183
1184
1187
1188
1189
1190
1191
1192
1193
1194
1195
1196
1197
1198
1201
1202
1203
1204
1205
1206
1207
1208
1209
1210
1211
1212
1213
1214
1215
1216
1217
1218
1219
1222
1223
1224
1225
1226
1227
1228
1229
1230
1231
1232
1233
1234
1235
1236
1237
1238
1239
1240
1246
1259
1260
1261
1270
1271
1272
1273
1274
1275
1276
1279
1280
1354
1355
1356
1358
1359
1395
1396
1413
1485
1486
1487
1488
1489
1490
1491
1492
1493
1494
1495
1496
1497
1498
1499
1531
1594
1595
1639
1655
1656
1706
1742
1785
1791
1792
1793
1815
1819
1845
1846
1847
1848
1849
1850
1851
1852
1853
1854
1855
1856
1857
1863
1864
1865
1866
1867
1868
1869
1870
1871
1872
1873
1874
1883
1884
1886
1887
1888
1889
1890
1891
1892
1893
1894
1895
1896
1897
1899
1900
1901
1902
1903
1906
1910
1911
1912
1913
1914
1915
1916
1917
1918
1919
1920
1921
1922
1923
1924
1925
1926
1927
1928
1929
1930
1931
1932
1933
1934
1935
1936
1937
1938
1939
1940
1941
1942
1943
1944
1945
1946
1948
1949
1950
1951
1952
1953
1954
1955
1956
1957
1958
1959
1960
1961
1962
1963
1972
1998
2001
2003
2034
2035
2037
2039
2041
2042
2044
2045
2046
2047
2048
2049
2050
2051
2052
2053
2108
2117
2120
2121
2122
2123
2125
2129
2130
2131
2132
2133
2134
2135
2136
2137
2138
2139
2140
2141
2143
2316
2317
2318
2319
2320
2321
2322
2323
2324
2327
2328
2329
2330
2331
2332
2333
2335
2349
2350
2351
2352
2353
2354
2355
2390
2417
2420
2421
2422
2423
2424
2425
2426
2450
2451
2452
2453
2454
2455
2456
2457
2458
2492
2493
2501
2526
2540
2541
2542
2543
2544
2545
2546
2547
2548
2566
2567
2568
2569
2571
2622
2623
2624
2625
2626
2627
2628
2632
2633
2634
2635
2636
2637
2638
2640
2641
2642
2643
2644
2645
2647
2648
2649
2650
2651
2652
2654
2655
2656
2657
2658
2659
2663
2664
2665
2666
2667
2668
2669
2670
2673
2674
2675
2676
2677
2678
2689
2690
2691
2692
2693
2694
2702
2703
2704
2705
2706
2707
2708
2712
2713
2714
2715
2716
2717
2720
2721
2724
2725
2726
2727
2728
2729
2730
2746
2747
2748
2749
2759
2760
2761
2762
2763
2764
2765
2766
2767
2807
2808
2809
2810
2811
2816
2817
2818
2819
2820
2821
2822
2823
2824
2827
2828
2829
2830
2831
2832
2833
2834
2835
2836
2837
2838
2839
2840
2841
2842
2843
2844
2894
2895
2896
2897
2898
2899
2909
2910
2911
2912
2913
2914
2915
2916
2917
2918
2919
2920
2921
2922
2923
2924
2925
2928
2929
2930
2931
2932
2933
2934
2935
2936
2937
2938
2939
2940
2941
2947
2948
2949
2950
2951
2952
2953
2954
2955
2956
2957
2958
2959
2960
2964
2965
2966
2967
2968
2969
2970
2971
2973
2974
2975
2976
2977
2978
2979
2980
2981
2982
2983
2984
2986
2987
2991
2992
2993
2994
2995
2996
2997
2998
2999
3000
3001
3028
3029
3030
3031
3032
3033
3053
3069
3074
3075
3156
3186
3187
3189
3190
3191
3192
3193
3194
3195
3196
3197
3198
3199
3200
3201
3202
3203
3204
3205
3206
3207
3208
3260
3264
3347
3349
3350
3351
3352
3354
3355
3356
3357
3360
3364
3382
3384
3397
3398
3425
3427
3433
3436
3442
3443
3447
3452
3453
3457
3458
3459
3460
3461
3479
3480
3481
3482
3483
3484
3485
3486
3487
3489
3490
3491
3492
3493
3529
3532
3543
3544
3583
3611
3612
3613
3614
3615
3619
3620
3621
3622
3623
3624
3625
3626
3627
3628
3631
3632
3634
3635
3636
3637
3638
3639
3640
3641
3642
3643
3644
3645
3646
3647
3648
3649
3650
3651
3652
3653
3673
3674
3675
3676
3683
3684
3685
3686
3687
3688
3689
3690
3691
3692
3693
3694
3695
3696
3697
3698
3717
3761
3786
3787
3788
3789
3790
3791
3792
3793
3794
3795
PHP Notice:  Undefined offset: 2 in /srv/migdal.ru/public_html/lib/text-wiki.php on line 130
3805
3806
3809
3811
3820
3849
3854
3855
3856
3857
3858
3859
3860
3861
3862
3863
3864
3865
3866
3867
3931
3933
3934
3935
3936
3937
3938
3939
3971
3972
3983
3986
3995
3996
3998
3999
4001
4010
4016
4017
4018
4019
4020
4021
4022
4026
4027
4028
4029
4030
4031
4032
4033
4034
4035
4036
4037
4039
4043
4046
4047
4048
4049
4050
4051
4052
4053
4054
4055
4056
4058
4059
4060
4061
4062
4064
4065
4066
4067
4069
4070
4071
4072
4073
4074
4075
4076
4077
4078
4079
4080
4081
4082
4083
4084
4085
4086
4087
4088
4089
4090
4091
4092
4093
4094
4095
4107
4108
4109
4112
4113
4114
4115
4116
4117
4118
4119
4131
4132
4134
4135
4136
4137
4138
4139
4140
4141
4142
4143
4144
4145
4146
4147
4148
4149
4150
4151
4152
4153
4159
4166
4167
4168
4169
4170
4171
4172
4173
4174
4175
4176
4211
4224
4225
4226
4227
4230
4231
4232
4233
4234
4235
4237
4238
4239
4240
4241
4242
4243
4244
4245
4246
4248
4249
4250
4251
4252
4253
4254
4256
4257
4258
4263
4264
4265
4267
4268
4269
4270
4271
4272
4273
4274
4275
4276
4279
4280
4281
4282
4283
4284
4285
4286
4287
4288
4289
4290
4291
4292
4293
4294
4295
4296
4298
4299
4300
4301
4302
4303
4305
4306
4307
4308
4309
4310
4334
4335
4336
4337
4338
4339
4340
4341
4342
4343
4344
4345
4346
4347
4348
4349
4350
4351
4352
4355
4361
4373
4398
4399
4400
4401
4402
4403
4404
4405
4406
4407
4408
4409
4410
4411
4412
4413
4414
4415
4416
4417
4418
4419
4420
4421
4422
4423
4424
4425
4426
4427
4428
4429
4430
4431
4432
4433
4434
4435
4436
4437
4438
4439
4440
4441
4442
4443
4444
4445
4446
4447
4449
4472
4473
4474
4475
4476
4477
4478
4479
4480
4481
4482
4483
4485
4487
4488
4489
4490
4500
4501
4502
4503
4504
4505
4506
4507
4508
4509
4511
4512
4513
4514
4515
4516
4517
4518
4519
4520
4522
4523
4524
4525
4526
4527
4528
4529
4530
4531
4532
4534
4535
4536
4537
4538
4539
4540
4541
4543
4544
4546
4547
4548
4549
4550
4551
4552
4553
4554
4556
4557
4558
4561
4566
4567
4568
4569
4570
4571
4572
4573
4574
4575
4599
4600
4601
4602
4603
4604
4605
4606
4607
4608
4609
4610
4611
4612
4613
4614
4615
4616
4617
4618
4619
4620
4621
4622
4623
4624
4625
4626
4627
4628
4629
4631
4632
4633
4634
4635
4636
4637
4638
4639
4640
4641
4642
4643
4644
4645
4646
4647
4648
4649
4650
4651
4652
4653
4654
4655
4656
4657
4665
4670
4682
4707
4737
4753
4764
4772
4778
4784
4785
4788
4823
4830
4835
4837
4843
4844
4845
4846
4847
4848
4849
4862
4863
4864
4865
4866
4867
4868
4869
4870
4871
4872
4873
4874
4875
4876
4877
4878
4879
4880
4881
4882
4883
4884
4885
4886
4887
4888
4889
4890
4891
4892
4893
4894
4895
4897
4898
4899
4900
4902
4903
4904
4905
4907
4908
4913
4914
4915
4916
4917
4918
4920
4921
4922
4923
4924
4925
4926
4935
4936
4937
4965
4968
4990
5000
5015
5016
5021
5073
5081
5088
5092
5093
5109
5112
5113
5114
5115
5116
5117
5118
5119
5120
5121
5122
5123
5124
5125
5126
5127
5128
5129
5130
5131
5132
5133
5134
5135
5136
5137
5138
5139
5140
5141
5142
5143
5145
5149
5150
5166
5170
5172
5182
5183
5184
5185
5186
5187
5188
5199
5229
5230
5231
5242
5243
5252
5257
5261
5291
5295
5296
5297
5298
5299
5300
5301
5302
5303
5304
5305
5306
5307
5308
5309
5310
5311
5313
5317
5318
5323
5325
5326
5327
5328
5337
5338
5339
5340
5341
5342
5344
5345
5346
5347
5348
5349
5350
5351
5352
5353
5354
5355
5356
5357
5358
5359
5360
5361
5362
5363
5364
5365
5366
5367
5368
5369
5370
5371
5372
5373
5374
5375
5376
5377
5378
5381
5382
5383
5384
5392
5393
5394
5395
5396
5397
5398
5408
5409
5411
5412
5413
5414
5415
5416
5417
5418
5419
5420
5421
5422
5423
5426
5427
5428
5429
5430
5431
5432
5433
5436
5437
5438
5439
5441
5442
5443
5444
5446
5447
5448
5449
5450
5451
5452
5464
5468
5472
5481
5485
5486
5487
5488
5489
5490
5491
5494
5495
5496
5497
5498
5508
5534
5536
5540
5541
5542
5543
5544
5546
5552
5553
5554
5555
5556
5557
5558
5559
5560
5561
5562
5563
5564
5565
5566
5567
5579
5580
5581
5582
5583
5592
5595
5603
5619
5630
5635
5637
5644
5645
5646
5647
5648
5649
5650
5679
5691
5699
5718
5731
5752
5764
5767
5768
5769
5770
5771
5772
5784
5785
5786
5787
5788
5789
5790
5791
5792
5798
5804
5814
5819
5821
5845
5846
5847
5849
5874
5903
5907
5908
5909
5910
5911
5912
5913
5914
5915
5916
5917
5918
5919
5921
5922
5923
5924
5925
5926
5927
5928
5929
5930
5931
5932
5933
5934
5935
5937
5938
5939
5940
5941
5942
5943
5944
5945
5946
5947
5948
5950
5951
5952
5953
5954
5956
5957
5958
5959
5960
5961
5963
5964
5965
5968
5969
5970
5971
5972
5973
5974
5975
5976
5977
5979
5980
5981
5982
5983
5985
5986
5987
5988
5989
5991
5992
5994
5995
5996
5997
5998
5999
6000
6009
6041
6050
6112
6113
6114
6121
6125
6139
6141
6148
6153
6154
15193
15194
15195
15196
15197
15199
15200
15201
15202
15203
15204
15205
15206
15207
15208
15209
15210
15211
15212
15213
15214
15215
15216
15217
15218
15219
15220
15221
15222
15223
15224
15225
15226
15227
15228
15229
15230
15231
15232
15233
15234
15235
15236
15237
15238
15239
15240
15241
15242
15243
15244
15245
15246
15247
15248
15249
15250
15251
15252
15253
15254
15255
15256
15257
15258
15259
15260
15261
15265
15267
15268
15269
15270
15271
15272
15273
15274
15275
15276
15288
15289
15290
15334
15335
15414
6177
6178
6180
6202
6203
6224
6225
6226
6227
6228
6229
6246
6250
6251
6253
6254
6255
6256
6257
6258
6259
6260
6261
6262
6263
6264
6265
6266
6267
6268
6269
6270
6271
6272
6273
6274
6275
6276
6277
6278
6279
6280
6281
6282
6283
6284
6285
6286
6293
6294
6295
6296
6297
6298
6299
6300
6301
6302
6303
6304
6305
6306
6307
6308
6310
6311
6312
6313
6314
6315
6316
6317
6318
6319
6320
6328
6329
6330
6331
6332
6333
6334
6343
6350
6361
6379
6382
6383
6387
6411
6412
6413
6414
6415
6419
6420
6421
6422
6423
6424
6425
6429
6430
6431
6432
6433
6434
6435
6436
6437
6438
6439
6440
6441
6442
6443
6445
6459
6460
6462
6480
6481
6500
6512
6514
6522
6567
6587
6588
6593
6594
6596
6598
6599
6605
6607
6608
6609
6616
6617
6621
6651
6672
6673
6702
6733
6759
6780
6851
6852
6892
6901
6929
6933
PHP Notice:  Uninitialized string offset: 74 in /srv/migdal.ru/public_html/lib/text-wiki.php on line 49
6934
PHP Notice:  Uninitialized string offset: 72 in /srv/migdal.ru/public_html/lib/text-wiki.php on line 49
6935
PHP Notice:  Uninitialized string offset: 43 in /srv/migdal.ru/public_html/lib/text-wiki.php on line 49
6936
PHP Notice:  Uninitialized string offset: 67 in /srv/migdal.ru/public_html/lib/text-wiki.php on line 49
6937
PHP Notice:  Uninitialized string offset: 76 in /srv/migdal.ru/public_html/lib/text-wiki.php on line 49
6938
PHP Notice:  Uninitialized string offset: 43 in /srv/migdal.ru/public_html/lib/text-wiki.php on line 49
6939
PHP Notice:  Uninitialized string offset: 66 in /srv/migdal.ru/public_html/lib/text-wiki.php on line 49
6956
6957
6958
6959
6960
6961
6965
6985
6992
6993
6994
6995
6996
7000
7001
7009
7012
7050
7069
7201
7202
7396
7397
7398
7399
7400
7401
7402
7405
7406
7407
7408
7409
7410
7411
7412
7413
7414
7415
7416
7417
7418
7419
7420
7421
7422
7536
7541
7542
7543
7544
7545
7546
7547
7684
7689
8169
8187
8188
8189
8190
8191
8192
8194
8195
8196
8198
8199
8200
8202
8203
8204
8206
8207
8208
8210
8211
8212
8213
8214
8215
8217
8218
8219
8220
8221
8222
8223
8224
8225
8237
8239
8240
8244
8245
8246
8247
8248
8249
8250
8251
8252
8253
8254
8255
8256
8259
8263
8264
8265
8266
8267
8268
8269
8270
8271
8272
8273
8274
8275
8279
8280
8281
8282
8283
8284
8285
8286
8287
8288
8289
8290
8291
8292
8293
8294
8295
8296
8297
8298
8299
8300
8301
8302
8303
8304
8305
8306
8307
8308
8309
8313
8314
8315
8316
8317
8318
8319
8320
8321
PHP Notice:  Uninitialized string offset: 13 in /srv/migdal.ru/public_html/lib/text-wiki.php on line 49
8323
8324
8325
8326
8327
8328
8329
8330
8331
8332
8333
8334
8335
8336
8337
8338
8339
8340
8341
8342
8343
8344
8345
8346
8347
8348
8349
8350
8352
8353
8354
8355
8356
8357
8359
8360
8361
8363
8364
8365
8366
8367
8368
8369
8370
8371
8372
8373
8374
8375
8376
8377
8379
8380
8381
8382
8383
8384
8385
8386
8387
8388
8389
8390
8391
8392
8393
8394
8395
8396
8397
8398
8399
8400
8407
8408
8410
8411
8412
8413
8414
8415
8416
8417
8418
8419
8420
8421
8422
8424
8425
8426
8427
8428
8429
8430
8431
8432
8433
8434
8435
8439
8440
8441
8442
8443
8445
8446
8447
8448
8449
8450
8452
8453
8454
8456
8461
8463
8464
8465
8468
8469
8470
8471
8476
8477
8478
8479
8480
8481
8482
8483
8484
8485
8486
8494
8495
8496
8497
8498
8499
8500
8501
8502
8503
8504
8505
8508
8515
8516
8517
8518
8519
8520
8521
8523
8525
8528
8529
8530
8531
8534
8537
8539
8543
8544
8545
8546
8547
8550
8551
8552
8554
8555
8556
8557
8558
8559
8560
8561
8562
8563
8564
8565
8566
8567
8570
8571
8572
8573
8574
8575
8576
8577
8578
8579
8580
8581
8582
8583
8584
8585
8586
8587
8588
8590
8592
8605
8618
8620
8625
8631
8633
8635
8637
8638
8639
8640
8641
8642
8644
8645
8646
8647
8649
8650
8651
8652
8656
8662
8663
8664
8665
8666
8667
8668
8671
8679
8680
8682
8684
8688
8700
8701
8702
8703
8704
8705
8708
8709
8710
8711
8712
8713
8719
8720
8721
8722
8733
8734
8735
8736
8737
8745
8759
8763
8765
8766
8767
8768
8772
8785
8786
8787
8788
8797
8798
8809
8810
8811
8812
8813
8815
8817
8818
8819
8823
8824
8825
8826
8827
8828
8829
8830
8831
8832
8845
8846
8847
8848
8849
8850
8851
8852
8853
8854
8855
8856
8857
8858
8859
8860
8861
8862
8863
8864
8865
8866
8878
8879
8880
8881
8882
8883
8884
8885
8886
8888
8889
8890
8891
8892
8893
8894
8895
8896
8897
8898
8899
8909
8910
8912
8913
8916
8917
8918
8919
8920
8921
8934
8935
8936
8937
8938
8939
8940
8941
8942
8943
8944
8945
8946
8947
8948
8950
8951
8952
8953
8956
8960
8961
8962
8963
8964
8965
8966
8967
8968
8969
8970
8971
8972
8973
8974
8975
8976
8977
8978
8979
8980
8981
8982
8992
8993
8994
8995
8996
8997
8998
8999
9000
9001
9006
9008
9009
9010
9016
9017
9018
9019
9020
9021
9023
9025
9029
9030
9031
9032
9033
9034
9035
9036
9037
9038
9039
9040
9041
9042
9043
9044
9045
9046
9047
9048
9049
9050
9051
9052
9053
9054
9055
9056
9057
9058
9059
9060
9061
9062
9063
9064
9065
9067
9068
9069
9070
9080
9081
9082
9083
9084
9085
9086
9087
9088
9089
9090
9091
9092
9094
9095
9102
9103
9105
9106
9113
9114
9115
9116
9117
9118
9132
9144
9145
9146
9151
9152
9153
9154
9155
9157
9159
9161
9162
9163
9164
9165
9166
9168
9169
9170
9171
9175
9176
9177
9178
9179
9180
9181
9182
9183
9184
9185
9186
9196
9197
9198
9199
9200
9201
9203
9204
9205
9206
9207
9208
9209
9210
9211
9213
9216
9217
9218
PHP Notice:  Uninitialized string offset: 144 in /srv/migdal.ru/public_html/lib/text-wiki.php on line 49
9221
9222
9224
9225
9226
9227
9228
9229
9230
9231
9232
9233
9234
9235
9238
9239
PHP Notice:  Uninitialized string offset: 101 in /srv/migdal.ru/public_html/lib/text-wiki.php on line 49
9244
9246
9247
9248
9249
9250
PHP Notice:  Uninitialized string offset: 33 in /srv/migdal.ru/public_html/lib/text-wiki.php on line 49
9251
PHP Notice:  Uninitialized string offset: 36 in /srv/migdal.ru/public_html/lib/text-wiki.php on line 49
9254
9255
9256
9257
9258
9259
9260
9261
9262
9263
9270
9271
9272
9280
9281
9285
9286
9287
9299
9300
9311
9314
9316
9317
9318
9319
9320
9321
9322
9323
9324
9325
9326
9327
9328
9329
9330
9331
9332
9333
9334
9344
9345
9346
9347
9348
9349
9350
9351
9352
9353
9354
9371
9374
9403
9404
9405
9406
9408
9409
9413
9416
9418
9419
9420
9421
9422
9423
9424
9425
9426
9427
9428
9431
9432
9433
9436
9437
9441
9442
9445
9446
9447
9448
9449
9450
9451
9471
9472
9513
9514
9518
9519
9521
9523
9527
9532
9533
9534
9535
9540
9541
9542
9543
9549
9550
9551
9554
9555
9556
9557
9558
9563
9564
9565
9567
9568
9584
9585
9586
9587
9588
9589
9590
9591
9595
9596
9597
9598
9599
9600
9601
9602
9603
9604
9606
9614
9615
9617
9618
9619
9620
9623
9624
9625
9628
9629
9630
9631
9632
9635
9636
9638
9639
9641
9642
9643
9653
9654
9655
9667
9681
9682
9683
9684
9685
9686
9687
9688
9689
9690
9694
9696
9697
9698
9704
9705
9707
9708
9709
9710
9711
9712
9715
9716
9717
9718
9719
9721
9722
9723
9724
9726
9727
9728
9729
9730
9733
PHP Notice:  Uninitialized string offset: 44 in /srv/migdal.ru/public_html/lib/text-wiki.php on line 49
9742
9743
9744
9745
9746
9747
9748
9749
9750
9751
9752
9754
9755
9761
9762
9763
9764
9765
9766
9767
9769
9770
9771
9772
9773
9774
9775
9778
9781
9782
9783
9784
9785
9786
9787
9788
9790
9791
9792
9794
9795
9796
9798
9799
9800
9801
9802
9803
9804
9805
9806
9815
9816
9817
9820
9821
9822
9823
9825
9826
9827
9842
9843
9844
9845
9846
9847
9854
9868
9870
9871
9872
9882
9883
9885
9886
9887
9888
9889
9890
9891
9892
9893
9894
9895
9896
9911
9912
9913
9914
9915
9916
9917
9926
9927
9928
9929
9930
9931
9932
9943
9944
9945
9947
9948
9949
9950
9951
9952
9953
9954
9955
9956
9957
9958
9959
9960
9961
9962
9963
9964
9965
9966
9967
9968
9970
9971
9972
9973
9974
9975
9976
9978
9979
9980
9981
9982
9983
9984
9985
9986
9987
9995
9996
9997
9998
10011
10012
10013
10014
10015
10016
10017
10018
10019
10020
10021
10022
10024
10025
10026
10027
10028
10029
10030
10031
10036
10037
10042
10043
10044
10045
10050
10051
10052
10055
10056
10057
10070
10071
10083
10084
10099
10100
10107
10108
10109
10110
10115
10116
10117
10118
10119
10120
10121
10122
10123
10124
10125
10126
10127
10128
10129
10130
10136
10148
10149
10150
10151
10154
10156
10157
10164
10165
10166
10168
10169
10173
10174
10181
10183
10184
10185
10186
10190
10191
10192
10193
10196
10197
10198
10201
10202
10203
10204
10209
10210
10211
10216
10217
10218
10219
10220
10221
10222
10223
10224
10225
10226
10227
10228
10229
10230
10238
10240
10242
10243
10245
10246
10247
10248
10249
10250
10251
10252
10253
10254
10255
10256
10257
10258
10259
10260
10261
10263
10264
10266
10298
10299
10300
10301
10302
10304
10305
10306
10309
10310
10311
10312
10316
10317
10318
10319
10320
10321
10322
10323
10324
10325
10326
10327
10328
10329
10330
10331
10339
10340
10355
10362
10363
10370
10371
10372
10373
10374
10404
10409
10422
10423
10424
10425
10426
10427
10428
10429
10430
10431
10432
10433
10434
10435
10436
10438
10439
10440
10441
10442
10443
10444
10445
10446
10447
10448
10449
10450
10451
10452
10453
10455
10456
10457
10458
10459
10462
10463
10464
10465
10466
10467
10468
10501
10505
10506
10507
10508
10509
10510
10529
10531
10532
10535
10536
10538
10539
10540
10542
10543
10545
10548
10549
10550
10553
10554
10555
10556
10557
10558
10560
10566
10567
10591
10592
10593
10594
10597
10615
10616
10618
10619
10629
10630
10631
10642
10643
10644
10645
10646
10647
10648
10649
10650
10651
10652
10653
10654
10658
10660
10661
10664
10677
10678
10679
10684
10685
10695
10696
10699
10700
10701
10702
10703
10704
10705
10706
10709
10710
10711
10712
10714
10723
10724
10725
10727
10728
10729
10730
10731
10732
10733
10734
10735
10736
10737
10738
10739
10740
10741
10742
10743
10744
10745
10746
10747
10748
10749
10750
10751
10753
10754
10755
10756
10757
10758
10759
10760
10761
10762
10763
10764
10765
10778
10779
10780
10788
10789
10797
10799
10807
10814
10815
10818
10819
10824
10825
10826
10828
10838
10839
10840
10841
10842
10844
10845
10847
10848
10849
10860
10861
10862
10863
10864
10865
10866
10867
10868
10869
10870
10873
10874
10875
10889
10890
10891
10892
10894
10913
10916
10919
10920
10922
10924
10930
10931
10934
10954
10957
10960
10962
10963
10964
10965
10969
10970
10971
10972
10973
10977
10978
10979
10988
10991
10992
10993
10994
10997
10998
11013
11016
11019
11020
11021
11022
11023
11031
11032
11033
11034
11035
11041
11044
11046
11047
11055
11056
11057
11058
11059
11060
11061
11072
11074
11082
11083
11084
11096
11115
11134
11160
11161
11162
11163
11167
11168
11169
11170
11171
11172
11175
11185
11186
11187
11188
11191
11193
11195
11196
11199
11200
11214
11215
11230
11233
11251
11252
11254
11255
11256
11257
11283
11284
11285
11286
11294
11301
11309
11310
11319
11322
11323
11324
11346
11351
11353
11354
11355
11356
11358
11359
11360
11361
11364
11370
11373
11374
11376
11379
11380
11381
11384
11389
11393
11394
11399
11400
11411
11427
11428
11429
11430
11431
11432
11433
11434
11435
11437
11438
11440
11441
11442
11443
11444
11445
11446
11447
11448
11449
11461
11462
11463
11464
11465
11469
11470
11472
11473
11474
11476
11477
11478
11479
11480
11488
11491
11499
11500
11501
11502
11503
11504
11540
11541
11542
11543
11544
11547
11551
11552
11553
11554
11557
11558
11559
11560
11561
11562
11563
11565
11566
11567
11568
11569
11570
11571
11575
11577
11608
11609
11613
11623
11636
11649
11662
11666
11667
11668
11669
11670
11672
11673
11676
11677
11678
11679
11680
11681
11682
11683
11684
11685
11686
11687
11690
11691
11692
11710
11711
11712
11713
11728
11734
11735
11736
11737
11751
11753
11756
11757
11759
11760
11762
11772
11773
11774
11786
11802
11804
11805
11806
11807
11808
11811
11816
11817
11818
11819
11820
11821
11822
11823
11824
11825
11826
11827
11828
11830
11831
11832
11833
11834
11836
11837
11838
11853
11855
11856
11857
11858
11859
11873
11874
11875
11876
11884
11885
11886
11888
11891
11892
11893
11894
11895
11896
11897
11898
11899
11900
11901
11902
11903
11904
11905
11913
11941
11942
11944
11945
11946
11947
11948
11962
11963
11964
11977
11978
11990
12017
12021
12022
12023
12024
12025
12026
12028
12030
12032
12033
12039
12040
12041
12044
12046
12047
12060
12062
12063
12064
12065
12077
12078
12079
12088
12093
12094
12095
12099
12135
12136
12138
12139
12140
12141
12142
12143
12144
12146
12147
12178
12179
12180
12182
12183
12185
12186
12187
12188
12189
12190
12191
12196
12204
12205
12206
12207
12208
12209
12211
12214
12215
12216
12219
14833
15070
15095
15096
15097
15011
15019
15034
15035
15036
15037
15040
15048
15061
15062
15064
15067
14934
15127
15128
15129
15130
15131
15132
15140
15141
15445
15446
15447
15448
15450
15451
15483
15514
15523
15525
15526
15527
15528
15529
15530
15531
15532
15533
15534
15535
15536
15559
15803
15597
15598
15616
15617
15619
15632
15633
15634
15635
15647
15660
15711
15712
15718
15719
15720
15721
15722
15724
15725
15726
15727
15728
15729
15730
15731
15732
15733
15734
15735
15736
15738
15739
15740
15741
15742
15743
15744
15745
15746
15749
15751
15752
15753
15766
15770
15820
15821
15822
15823
15836
15838
15842
15860
15939
15907
15908
15909
15910
15911
15914
15916
15917
15918
15919
15920
15923
15925
15928
15929
15930
15935
15949
15950
15951
15952
15953
15954
15955
15956
15958
15963
15964
15965
15966
15967
15968
15976
15977
16053
16123
16180
16228
16230
16231
16232
16233
16234
16235
16236
16261
16243
16244
16245
16246
16247
16248
16249
16250
16251
16253
16254
16255
16256
16257
16258
16259
16260
16262
16263
16264
16265
16266
16267
16268
16269
16270
16271
16272
16273
16278
16281
16284
16286
16287
16290
16291
16292
16294
16297
16298
16301
16302
16303
16304
16321
16323
16325
16328
16329
16333
16356
16361
16363
16362
16433
16434
16582
16476
16478
16479
16480
16481
16482
16484
16497
16498
16499
16501
16503
16504
16505
16506
16507
16508
16518
16522
16525
16527
16529
16531
16532
16540
16542
16543
16544
16546
16547
16548
16549
16550
16551
16552
16554
16570
16571
16572
16573
16574
16584
16594
16595
16596
16597
16598
16599
16600
16601
16602
16604
16605
16639
16645
16666
16671
16674
16675
16676
16677
16679
16681
16682
16683
16685
16688
16690
16691
16692
16693
16694
16703
16789
16790
16791
16792
16793
16794
16795
16796
16797
16798
16799
16800
16801
16802
16803
16804
16805
16806
16807
16808
16809
16815
16816
16817
16818
16912
16915
16917
16921
16924
16925
16932
16939
17010
17011
17081
17035
17036
17037
17038
17039
17040
17041
17048
17059
17060
17062
17067
17071
17072
17073
17075
17079
17080
17082
17083
17084
17093
17108
17116
17122
17124
17126
17267
17262
17265
17268
17269
17271
17272
17273
17274
17276
17277
17278
17280
17282
17300
17325
17326
17327
17385
17425
17426
17465
17539
17540
17541
17542
17548
17549
17550
17559
17560
17575
17576
17577
17578
17583
17584
17611
17612
17643
17644
17708
17717
17718
17719
17720
17721
17827
17832
17833
17834
17838
17841
17843
17844
17847
17855
17860
17862
17868
17883
17949
17950
17951
17952
17961
17962
18014
18106
18130
18178
18209
18260
18294
18280
18281
18282
18284
18289
18311
18310
18315
18320
18352
18353
18359
18360
18362
18354
18355
18356
18357
18358
18363
18376
18457
18464
18465
18466
18467
18468
18469
18487
18492
18493
18646
18647
18648
18649
18650
18687
18739
18740
18741
18748
18749
18750
18751
18754
18757
18758
18924
18925
18926
18927
18928
18929
18930
18934
19010
19011
19014
19168
19169
19172
19068
19136
19106
19109
19111
19112
19113
19114
19116
19118
19120
19121
19123
19124
19125
19126
19127
19128
19132
19224
19293
19294
19295
19297
19298
19300
19303
19317
19318
19326
19346
19347
19348
19349
19350
19351
19352
19353
19354
19355
19356
19358
19359
19360
19361
19362
19363
19372
19374
19370
19371
19377
19376
19378
19379
19380
19382
19383
19384
19386
19389
19390
19392
19393
19394
19395
19396
19397
19427
19428
19429
19430
19431
19550
19551
19554
19555
19556
19558
19559
19560
19562
19563
19568
19569
19570
19571
19648
19692
19723
19724
19726
19727
19728
19722
19800
19829
19831
19834
19858
19859
19860
19870
19874
19940
19893
19941
19962
19974
19991
19992
19994
19995
19996
19997
19998
19999
20000
20001
20002
20003
20004
20005
20006
20009
20034
20041
20275
20278
20277
20282
20285
20287
20288
20290
20296
20297
20298
20299
20302
20317
20323
20324
20336
20337
20338
20339
20340
20341
20342
20343
20344
20345
20355
20356
20357
20358
20359
20360
20361
20378
20379
20380
20386
20388
20443
20429
20439
20440
20441
20442
20444
20445
20446
20447
20448
20449
20450
20451
20452
20453
20454
20455
20456
20457
20458
20459
20460
20461
20582
20588
20589
20590
20592
20593
20594
20595
20604
20645
20646
20648
20650
20651
20653
20654
20657
20658
20659
20660
20661
20662
20663
20664
20665
20667
20670
20671
20672
20673
20674
20676
20678
20679
20684
20681
20682
20683
20685
20686
20687
20691
20692
20694
20695
20696
20697
20700
20781
20766
20768
20769
20770
20771
20772
20773
20774
20775
20776
20777
20778
20779
20786
20787
20788
20789
20790
20791
20792
20793
20794
20795
20796
20797
20798
20800
20801
20802
20803
20804
20805
20806
20807
20808
20809
20826
20845
20851
20881
20882
20883
20887
20888
20890
20891
20894
20895
21050
21315
21316
21317
21318
21319
21509
21510
21511
21517
21520
21539
21540
21541
21542
21543
21537
21538
21535
21536
21548
21550
21544
21545
21546
21547
21551
21552
21553
21554
21555
21556
21557
21684
21685
21675
21676
21677
21680
21681
21853
21854
21856
21858
21860
21862
21864
21865
21926
21866
21869
21870
21871
21876
21877
21878
21879
21881
21882
21883
21884
21885
21886
21887
21888
21889
21890
21892
21893
21894
21895
21897
21898
21899
21904
21909
21924
21921
21922
21930
21931
21932
21937
21938
21939
21940
21941
21943
21947
21948
22772
22809
22811
22813
22982
22983
23214
23212
23213
23211
23215
23178
23179
23180
23181
23182
23183
23184
23185
23186
23187
23188
23189
23190
23191
23192
23193
23194
23195
23196
23197
23198
23199
23200
23201
23202
23203
23204
23205
23206
23207
23208
23209
23210
23229
23286
23287
23288
23290
23291
23292
23297
23298
23299
23300
23302
23304
23306
23307
23308
23309
23310
23311
23312
23313
23314
23315
23316
23317
23318
23319
23320
23321
23325
23334
23391
23408
23409
23410
23412
23414
23415
23416
23417
23418
23420
23429
23430
23432
23456
23487
23488
23490
23492
23493
23494
23495
23496
23497
23499
23502
23504
23505
23521
23523
23522
23513
23514
23515
23516
23517
23518
23519
23520
23524
23525
23526
23527
23528
23532
23536
23539
23540
23542
23545
23546
23552
23553
23554
23555
23556
23557
23558
23559
23560
23561
23562
23563
23564
23565
23566
23567
23570
23581
23877
23879
23880
23979
23984
23992
23993
23995
23996
23997
23998
23999
24000
24001
24005
24006
24007
24008
24009
24010
24011
24042
24232
24265
24241
24242
24244
24245
24246
24247
24249
24250
24253
24258
24259
24260
24261
24263
24267
24268
24279
24329
24330
24331
24332
24333
24322
24320
24321
24325
24326
24374
24375
24376
24373
24536
24537
24538
24539
24765
24735
24736
24737
24756
24766
25482
25483
25504
25505
25507
25509
25510
25918
25919
25920
25921
25922
25923
25924
25925
25926
25927
25928
25929
25930
25931
25932
25971
25972
25973
25974
25975
26057
26058
26063
26064
26065
26066
26074
26658
26952
26953
26954
26961
26967
26971
26975
26976
26977
26978
26979
26980
26981
26985
26986
26987
27454
27455
27456
27458
27459
27460
27468
27470
27471
27472
28313
28355
28345
28347
28349
28350
28351
28357
29077
29086
29097
29104
29106
29108
29123
29124
29125
29130
29626
29636
29637
29641
29646
29647
29648
29649
29650
29651
29652
29653
29654
29655
29657
29665
29666
29667
29789
29794
29796
29797
29798
29799
29800
29801
29841
29899
29897
29898
29906
29907
29908
29919
29930
29931
29936
29937
29943
29944
29946
29951
29983
29985
29987
29989
30001
30002
30008
30009
30010
